C51 COMPILER V9.52.0.0   BEEP                                                              10/13/2016 08:51:49 PAGE 1   


C51 COMPILER V9.52.0.0, COMPILATION OF MODULE BEEP
OBJECT MODULE PLACED IN .\beep.obj
COMPILER INVOKED BY: G:\Keil for C51\C51\BIN\C51.EXE ..\code\beep.c LARGE BROWSE DEBUG OBJECTEXTEND PRINT(.\beep.lst) TA
                    -BS(2) OBJECT(.\beep.obj)

line level    source

   1          #include "reg52.h"
   2          #include "timer.h"
   3          
   4          #define uchar unsigned char
   5          #define uint  unsigned int
   6          
   7          sbit beep  = P3^5;  //·äÃùÆ÷
   8          sbit led   = P3^7;
   9          sbit relay = P3^6;  //¼ÌµçÆ÷
  10          
  11          void  beep1()  
  12          {     
  13   1          unsigned int i,j;
  14   1        for(i=0;i<600;i++)
  15   1        {
  16   2            for(j=80;j>0;j--);    
  17   2            beep=~beep;
  18   2        }
  19   1      }
  20          
  21          void LED_BLINK_1()
  22          {
  23   1         led = 0; 
  24   1         Delay_ms(500);
  25   1         led = 1;   
  26   1      }
  27          
  28          void LED_BLINK_2()
  29          {
  30   1         led = 0;
  31   1         Delay_ms(250);
  32   1         led = 1;
  33   1         Delay_ms(250);
  34   1         led = 0;
  35   1         Delay_ms(250);
  36   1         led = 1;
  37   1      }  
  38          
  39          void relay_OFF()  //¹Ø¼ÌµçÆ÷
  40          {
  41   1        relay=1;
  42   1      }
  43          
  44          void relay_ON()  //¿ª¼ÌµçÆ÷
  45          {
  46   1        relay=0;
  47   1      }


MODULE INFORMATION:   STATIC OVERLAYABLE
   CODE SIZE        =     78    ----
   CONSTANT SIZE    =   ----    ----
   XDATA SIZE       =   ----    ----
   PDATA SIZE       =   ----    ----
C51 COMPILER V9.52.0.0   BEEP                                                              10/13/2016 08:51:49 PAGE 2   

   DATA SIZE        =   ----    ----
   IDATA SIZE       =   ----    ----
   BIT SIZE         =   ----    ----
END OF MODULE INFORMATION.


C51 COMPILATION COMPLETE.  0 WARNING(S),  0 ERROR(S)
